<component name="libraryTable">
  <library name="junit-4.13-ijar_dbb812af">
    <CLASSES>
      <root url="jar:///private/var/tmp/_bazel_syntonyze/2f13f93175a42a0920e1e0626fe3c462/execroot/jgit/bazel-out/darwin-fastbuild/bin/external/junit/jar/_ijar/jar/jar/junit-4.13-ijar.jar!/" />
    </CLASSES>
    <JAVADOC />
    <SOURCES />
  </library>
</component>