<component name="libraryTable">
  <library name="junit-4.13_ff028c36">
    <CLASSES>
      <root url="jar:///private/var/tmp/_bazel_syntonyze/2f13f93175a42a0920e1e0626fe3c462/external/junit/jar/junit-4.13.jar!/" />
    </CLASSES>
    <JAVADOC />
    <SOURCES />
  </library>
</component>